{"D:\\dev\\interserguro-challenge\\node-api\\src\\app.ts": {"path":"D:\\dev\\interserguro-challenge\\node-api\\src\\app.ts","statementMap":{"0":{"start":{"line":1,"column":0},"end":{"line":1,"column":51}},"1":{"start":{"line":2,"column":0},"end":{"line":2,"column":47}},"2":{"start":{"line":3,"column":0},"end":{"line":3,"column":68}},"3":{"start":{"line":4,"column":12},"end":{"line":4,"column":21}},"4":{"start":{"line":5,"column":13},"end":{"line":5,"column":22}},"5":{"start":{"line":7,"column":0},"end":{"line":7,"column":24}},"6":{"start":{"line":18,"column":4},"end":{"line":20,"column":5}},"7":{"start":{"line":19,"column":8},"end":{"line":19,"column":21}},"8":{"start":{"line":22,"column":17},"end":{"line":22,"column":30}},"9":{"start":{"line":23,"column":20},"end":{"line":23,"column":24}},"10":{"start":{"line":25,"column":4},"end":{"line":31,"column":5}},"11":{"start":{"line":25,"column":17},"end":{"line":25,"column":18}},"12":{"start":{"line":26,"column":8},"end":{"line":30,"column":9}},"13":{"start":{"line":26,"column":21},"end":{"line":26,"column":22}},"14":{"start":{"line":27,"column":12},"end":{"line":29,"column":13}},"15":{"start":{"line":28,"column":16},"end":{"line":28,"column":29}},"16":{"start":{"line":32,"column":4},"end":{"line":32,"column":16}},"17":{"start":{"line":36,"column":0},"end":{"line":79,"column":3}},"18":{"start":{"line":37,"column":44},"end":{"line":37,"column":52}},"19":{"start":{"line":39,"column":4},"end":{"line":41,"column":7}},"20":{"start":{"line":40,"column":10},"end":{"line":40,"column":89}},"21":{"start":{"line":44,"column":49},"end":{"line":44,"column":80}},"22":{"start":{"line":46,"column":17},"end":{"line":46,"column":26}},"23":{"start":{"line":47,"column":17},"end":{"line":47,"column":25}},"24":{"start":{"line":48,"column":19},"end":{"line":48,"column":20}},"25":{"start":{"line":49,"column":24},"end":{"line":49,"column":25}},"26":{"start":{"line":52,"column":52},"end":{"line":52,"column":54}},"27":{"start":{"line":54,"column":4},"end":{"line":68,"column":5}},"28":{"start":{"line":55,"column":8},"end":{"line":55,"column":55}},"29":{"start":{"line":57,"column":8},"end":{"line":67,"column":9}},"30":{"start":{"line":57,"column":21},"end":{"line":57,"column":22}},"31":{"start":{"line":58,"column":12},"end":{"line":66,"column":13}},"32":{"start":{"line":58,"column":25},"end":{"line":58,"column":26}},"33":{"start":{"line":59,"column":28},"end":{"line":59,"column":40}},"34":{"start":{"line":61,"column":16},"end":{"line":61,"column":47}},"35":{"start":{"line":61,"column":34},"end":{"line":61,"column":47}},"36":{"start":{"line":62,"column":16},"end":{"line":62,"column":47}},"37":{"start":{"line":62,"column":34},"end":{"line":62,"column":47}},"38":{"start":{"line":64,"column":16},"end":{"line":64,"column":32}},"39":{"start":{"line":65,"column":16},"end":{"line":65,"column":32}},"40":{"start":{"line":70,"column":20},"end":{"line":70,"column":68}},"41":{"start":{"line":72,"column":4},"end":{"line":78,"column":7}},"42":{"start":{"line":82,"column":0},"end":{"line":82,"column":19}}},"fnMap":{"0":{"name":"isDiagonalMatrix","decl":{"start":{"line":17,"column":9},"end":{"line":17,"column":25}},"loc":{"start":{"line":17,"column":44},"end":{"line":33,"column":1}}},"1":{"name":"(anonymous_2)","decl":{"start":{"line":36,"column":49},"end":{"line":36,"column":50}},"loc":{"start":{"line":36,"column":108},"end":{"line":79,"column":1}}}},"branchMap":{"0":{"loc":{"start":{"line":18,"column":4},"end":{"line":20,"column":5}},"type":"if","locations":[{"start":{"line":18,"column":4},"end":{"line":20,"column":5}},{"start":{},"end":{}}]},"1":{"loc":{"start":{"line":18,"column":8},"end":{"line":18,"column":76}},"type":"binary-expr","locations":[{"start":{"line":18,"column":8},"end":{"line":18,"column":15}},{"start":{"line":18,"column":19},"end":{"line":18,"column":38}},{"start":{"line":18,"column":42},"end":{"line":18,"column":76}}]},"2":{"loc":{"start":{"line":27,"column":12},"end":{"line":29,"column":13}},"type":"if","locations":[{"start":{"line":27,"column":12},"end":{"line":29,"column":13}},{"start":{},"end":{}}]},"3":{"loc":{"start":{"line":27,"column":16},"end":{"line":27,"column":59}},"type":"binary-expr","locations":[{"start":{"line":27,"column":16},"end":{"line":27,"column":23}},{"start":{"line":27,"column":27},"end":{"line":27,"column":59}}]},"4":{"loc":{"start":{"line":39,"column":4},"end":{"line":41,"column":7}},"type":"if","locations":[{"start":{"line":39,"column":4},"end":{"line":41,"column":7}},{"start":{},"end":{}}]},"5":{"loc":{"start":{"line":39,"column":8},"end":{"line":39,"column":42}},"type":"binary-expr","locations":[{"start":{"line":39,"column":8},"end":{"line":39,"column":16}},{"start":{"line":39,"column":20},"end":{"line":39,"column":29}},{"start":{"line":39,"column":33},"end":{"line":39,"column":42}}]},"6":{"loc":{"start":{"line":61,"column":16},"end":{"line":61,"column":47}},"type":"if","locations":[{"start":{"line":61,"column":16},"end":{"line":61,"column":47}},{"start":{},"end":{}}]},"7":{"loc":{"start":{"line":62,"column":16},"end":{"line":62,"column":47}},"type":"if","locations":[{"start":{"line":62,"column":16},"end":{"line":62,"column":47}},{"start":{},"end":{}}]},"8":{"loc":{"start":{"line":70,"column":20},"end":{"line":70,"column":68}},"type":"cond-expr","locations":[{"start":{"line":70,"column":40},"end":{"line":70,"column":64}},{"start":{"line":70,"column":67},"end":{"line":70,"column":68}}]}},"s":{"0":1,"1":1,"2":1,"3":1,"4":1,"5":1,"6":9,"7":5,"8":4,"9":4,"10":4,"11":4,"12":7,"13":7,"14":19,"15":2,"16":2,"17":1,"18":4,"19":4,"20":1,"21":3,"22":3,"23":3,"24":3,"25":3,"26":3,"27":3,"28":9,"29":9,"30":9,"31":13,"32":13,"33":37,"34":37,"35":10,"36":37,"37":3,"38":37,"39":37,"40":3,"41":3,"42":1},"f":{"0":9,"1":4},"b":{"0":[5,4],"1":[9,9,5],"2":[2,17],"3":[19,12],"4":[1,3],"5":[4,4,3],"6":[10,27],"7":[3,34],"8":[2,1]}}
,"D:\\dev\\interserguro-challenge\\node-api\\src\\config\\env.validation.ts": {"path":"D:\\dev\\interserguro-challenge\\node-api\\src\\config\\env.validation.ts","statementMap":{"0":{"start":{"line":2,"column":0},"end":{"line":2,"column":23}},"1":{"start":{"line":4,"column":0},"end":{"line":4,"column":27}},"2":{"start":{"line":11,"column":18},"end":{"line":16,"column":16}},"3":{"start":{"line":18,"column":25},"end":{"line":18,"column":56}},"4":{"start":{"line":20,"column":0},"end":{"line":22,"column":1}},"5":{"start":{"line":21,"column":2},"end":{"line":21,"column":63}},"6":{"start":{"line":23,"column":25},"end":{"line":23,"column":30}},"7":{"start":{"line":24,"column":13},"end":{"line":27,"column":2}}},"fnMap":{},"branchMap":{"0":{"loc":{"start":{"line":20,"column":0},"end":{"line":22,"column":1}},"type":"if","locations":[{"start":{"line":20,"column":0},"end":{"line":22,"column":1}},{"start":{},"end":{}}]}},"s":{"0":2,"1":2,"2":2,"3":2,"4":2,"5":1,"6":1,"7":1},"f":{},"b":{"0":[1,1]}}
,"D:\\dev\\interserguro-challenge\\node-api\\src\\middlewares\\auth.middleware.ts": {"path":"D:\\dev\\interserguro-challenge\\node-api\\src\\middlewares\\auth.middleware.ts","statementMap":{"0":{"start":{"line":5,"column":0},"end":{"line":5,"column":16}},"1":{"start":{"line":2,"column":0},"end":{"line":2,"column":31}},"2":{"start":{"line":3,"column":0},"end":{"line":3,"column":48}},"3":{"start":{"line":6,"column":23},"end":{"line":6,"column":51}},"4":{"start":{"line":8,"column":4},"end":{"line":10,"column":5}},"5":{"start":{"line":9,"column":8},"end":{"line":9,"column":92}},"6":{"start":{"line":12,"column":18},"end":{"line":12,"column":42}},"7":{"start":{"line":14,"column":4},"end":{"line":22,"column":5}},"8":{"start":{"line":15,"column":29},"end":{"line":15,"column":50}},"9":{"start":{"line":16,"column":24},"end":{"line":16,"column":82}},"10":{"start":{"line":18,"column":9},"end":{"line":18,"column":36}},"11":{"start":{"line":19,"column":8},"end":{"line":19,"column":15}},"12":{"start":{"line":21,"column":8},"end":{"line":21,"column":76}}},"fnMap":{"0":{"name":"verifyJWTMiddleware","decl":{"start":{"line":5,"column":16},"end":{"line":5,"column":35}},"loc":{"start":{"line":5,"column":83},"end":{"line":23,"column":1}}}},"branchMap":{"0":{"loc":{"start":{"line":8,"column":4},"end":{"line":10,"column":5}},"type":"if","locations":[{"start":{"line":8,"column":4},"end":{"line":10,"column":5}},{"start":{},"end":{}}]},"1":{"loc":{"start":{"line":8,"column":8},"end":{"line":8,"column":56}},"type":"binary-expr","locations":[{"start":{"line":8,"column":8},"end":{"line":8,"column":19}},{"start":{"line":8,"column":23},"end":{"line":8,"column":56}}]}},"s":{"0":1,"1":1,"2":1,"3":6,"4":6,"5":1,"6":5,"7":5,"8":5,"9":5,"10":4,"11":4,"12":1},"f":{"0":6},"b":{"0":[1,5],"1":[6,5]}}
}
