TN:
SF:src\app.ts
FN:17,isDiagonalMatrix
FN:36,(anonymous_2)
FNF:2
FNH:2
FNDA:9,isDiagonalMatrix
FNDA:4,(anonymous_2)
DA:1,1
DA:2,1
DA:3,1
DA:4,1
DA:5,1
DA:7,1
DA:18,9
DA:19,5
DA:22,4
DA:23,4
DA:25,4
DA:26,7
DA:27,19
DA:28,2
DA:32,2
DA:36,1
DA:37,4
DA:39,4
DA:40,1
DA:44,3
DA:46,3
DA:47,3
DA:48,3
DA:49,3
DA:52,3
DA:54,3
DA:55,9
DA:57,9
DA:58,13
DA:59,37
DA:61,37
DA:62,37
DA:64,37
DA:65,37
DA:70,3
DA:72,3
DA:82,1
LF:37
LH:37
BRDA:18,0,0,5
BRDA:18,0,1,4
BRDA:18,1,0,9
BRDA:18,1,1,9
BRDA:18,1,2,5
BRDA:27,2,0,2
BRDA:27,2,1,17
BRDA:27,3,0,19
BRDA:27,3,1,12
BRDA:39,4,0,1
BRDA:39,4,1,3
BRDA:39,5,0,4
BRDA:39,5,1,4
BRDA:39,5,2,3
BRDA:61,6,0,10
BRDA:61,6,1,27
BRDA:62,7,0,3
BRDA:62,7,1,34
BRDA:70,8,0,2
BRDA:70,8,1,1
BRF:20
BRH:20
end_of_record
TN:
SF:src\config\env.validation.ts
FNF:0
FNH:0
DA:2,2
DA:4,2
DA:11,2
DA:18,2
DA:20,2
DA:21,1
DA:23,1
DA:24,1
LF:8
LH:8
BRDA:20,0,0,1
BRDA:20,0,1,1
BRF:2
BRH:2
end_of_record
TN:
SF:src\middlewares\auth.middleware.ts
FN:5,verifyJWTMiddleware
FNF:1
FNH:1
FNDA:6,verifyJWTMiddleware
DA:2,1
DA:3,1
DA:5,1
DA:6,6
DA:8,6
DA:9,1
DA:12,5
DA:14,5
DA:15,5
DA:16,5
DA:18,4
DA:19,4
DA:21,1
LF:13
LH:13
BRDA:8,0,0,1
BRDA:8,0,1,5
BRDA:8,1,0,6
BRDA:8,1,1,5
BRF:4
BRH:4
end_of_record
